<?xml version="1.0" encoding="utf-8"?><testsuites name="pytest tests"><testsuite name="pytest" errors="0" failures="0" skipped="0" tests="18" time="3.279" timestamp="2026-03-08T08:37:47.322529+00:00" hostname="agent-env-8e3d506b-6eb4-4196-bd01-f84fced46033"><testcase classname="backend.tests.test_porthop.TestAuth" name="test_send_otp" time="0.199" /><testcase classname="backend.tests.test_porthop.TestAuth" name="test_send_otp_missing_phone" time="0.105" /><testcase classname="backend.tests.test_porthop.TestAuth" name="test_verify_otp_valid" time="0.125" /><testcase classname="backend.tests.test_porthop.TestAuth" name="test_verify_otp_invalid" time="0.109" /><testcase classname="backend.tests.test_porthop.TestAuth" name="test_get_me" time="0.471" /><testcase classname="backend.tests.test_porthop.TestAuth" name="test_get_me_unauthorized" time="0.146" /><testcase classname="backend.tests.test_porthop.TestAuth" name="test_get_ports" time="0.130" /><testcase classname="backend.tests.test_porthop.TestTrips" name="test_get_trips_requires_auth" time="0.105" /><testcase classname="backend.tests.test_porthop.TestTrips" name="test_get_trips" time="0.186" /><testcase classname="backend.tests.test_porthop.TestTrips" name="test_create_trip_captain" time="0.123" /><testcase classname="backend.tests.test_porthop.TestTrips" name="test_create_trip_passenger_forbidden" time="0.443" /><testcase classname="backend.tests.test_porthop.TestTrips" name="test_get_my_trips" time="0.106" /><testcase classname="backend.tests.test_porthop.TestInterest" name="test_express_interest" time="0.231" /><testcase classname="backend.tests.test_porthop.TestInterest" name="test_get_trip_interests" time="0.106" /><testcase classname="backend.tests.test_porthop.TestInterest" name="test_get_my_interest" time="0.106" /><testcase classname="backend.tests.test_porthop.TestInterest" name="test_confirm_interest" time="0.236" /><testcase classname="backend.tests.test_porthop.TestNotifications" name="test_get_notifications" time="0.117" /><testcase classname="backend.tests.test_porthop.TestNotifications" name="test_mark_all_read" time="0.114" /></testsuite></testsuites>